<?xml version="1.0" encoding="UTF-8"?>
<!-- Generated by org.testng.reporters.JUnitReportReporter -->
<testsuite hostname="MCSW69SLPC0021" failures="0" tests="1" name="textscripts.CheckingManufacturerPincode" time="35.036" errors="0" timestamp="2025-02-02T22:44:42 IST" skipped="0">
  <testcase classname="textscripts.CheckingManufacturerPincode" name="manufacturerPincodeChecking" time="35.036"/>
  <system-out/>
</testsuite> <!-- textscripts.CheckingManufacturerPincode -->
