<?xml version="1.0" encoding="UTF-8"?>
<!-- Generated by org.testng.reporters.JUnitReportReporter -->
<testsuite hostname="MCSW69SLPC0021" failures="0" tests="1" name="textscripts.DeleteAddress" time="154.925" errors="0" timestamp="2025-02-05T13:37:14 IST" skipped="0">
  <testcase classname="textscripts.DeleteAddress" name="deletingAddress" time="154.925"/>
  <system-out/>
</testsuite> <!-- textscripts.DeleteAddress -->
