<?xml version="1.0" encoding="UTF-8"?>
<!-- Generated by org.testng.reporters.JUnitReportReporter -->
<testsuite hostname="MCSW69SLPC0021" failures="0" tests="1" name="textscripts.TC_10_SuggestionSelection" time="277.228" errors="0" timestamp="2025-02-05T16:31:24 IST" skipped="0">
  <testcase classname="textscripts.TC_10_SuggestionSelection" name="checkOut" time="277.228"/>
  <system-out/>
</testsuite> <!-- textscripts.TC_10_SuggestionSelection -->
