<?xml version="1.0" encoding="UTF-8"?>
<!-- Generated by org.testng.reporters.JUnitReportReporter -->
<testsuite hostname="MCSW69SLPC0021" failures="0" tests="1" name="textscripts.AddingAddress" time="45.643" errors="0" timestamp="2025-02-02T23:52:40 IST" skipped="0">
  <testcase classname="textscripts.AddingAddress" name="addingAddress" time="45.643"/>
  <system-out/>
</testsuite> <!-- textscripts.AddingAddress -->
