<?xml version="1.0" encoding="UTF-8"?>
<!-- Generated by org.testng.reporters.JUnitReportReporter -->
<testsuite hostname="MCSW69SLPC0021" failures="0" tests="1" name="textscripts.TC_06_AddAddress" time="143.225" errors="0" timestamp="2025-02-05T16:31:24 IST" skipped="0">
  <testcase classname="textscripts.TC_06_AddAddress" name="addingAddress" time="143.225"/>
  <system-out/>
</testsuite> <!-- textscripts.TC_06_AddAddress -->
