<?xml version="1.0" encoding="UTF-8"?>
<!-- Generated by org.testng.reporters.JUnitReportReporter -->
<testsuite hostname="MCSW69SLPC0021" failures="0" tests="1" name="textscripts.TC_05_CheckingManufacturerPincode" time="227.323" errors="0" timestamp="2025-02-05T16:31:24 IST" skipped="0">
  <testcase classname="textscripts.TC_05_CheckingManufacturerPincode" name="manufacturerPincodeChecking" time="227.323"/>
  <system-out/>
</testsuite> <!-- textscripts.TC_05_CheckingManufacturerPincode -->
