<?xml version="1.0" encoding="UTF-8"?>
<!-- Generated by org.testng.reporters.JUnitReportReporter -->
<testsuite hostname="MCSW69SLPC0021" failures="0" tests="1" name="textscripts.TC_04_InitializingCheckout" time="229.103" errors="0" timestamp="2025-02-05T16:31:24 IST" skipped="0">
  <testcase classname="textscripts.TC_04_InitializingCheckout" name="Initalize" time="229.103"/>
  <system-out/>
</testsuite> <!-- textscripts.TC_04_InitializingCheckout -->
