<?xml version="1.0" encoding="UTF-8"?>
<!-- Generated by org.testng.reporters.JUnitReportReporter -->
<testsuite hostname="MCSW69SLPC0021" failures="0" tests="1" name="textscripts.AddingAndRemovingProductFromWishlist" time="29.764" errors="0" timestamp="2025-02-02T17:08:35 IST" skipped="0">
  <testcase classname="textscripts.AddingAndRemovingProductFromWishlist" name="AddingRemovingProductFromWishlist" time="29.764"/>
  <system-out/>
</testsuite> <!-- textscripts.AddingAndRemovingProductFromWishlist -->
