<?xml version="1.0" encoding="UTF-8"?>
<!-- Generated by org.testng.reporters.JUnitReportReporter -->
<testsuite hostname="MCSW69SLPC0021" failures="0" tests="1" name="textscripts.TC_07_DeleteAddress" time="144.981" errors="0" timestamp="2025-02-05T16:31:24 IST" skipped="0">
  <testcase classname="textscripts.TC_07_DeleteAddress" name="deletingAddress" time="144.981"/>
  <system-out/>
</testsuite> <!-- textscripts.TC_07_DeleteAddress -->
