<?xml version="1.0" encoding="UTF-8"?>
<!-- Generated by org.testng.reporters.JUnitReportReporter -->
<testsuite hostname="MCSW69SLPC0021" failures="0" tests="1" name="textscripts.EnterDetailsOnProductAdding" time="175.546" errors="0" timestamp="2025-02-05T13:37:14 IST" skipped="0">
  <testcase classname="textscripts.EnterDetailsOnProductAdding" name="enterDetails" time="175.546"/>
  <system-out/>
</testsuite> <!-- textscripts.EnterDetailsOnProductAdding -->
